blocklylib-vertical/build/intermediates/manifest_merge_blame_file/fullDebug/manifest-merger-blame-full-debug-report.txt
1<?xml version="1.0" encoding="utf-8"?>
2<manifest xmlns:android="http://schemas.android.com/apk/res/android"
3    package="com.google.blockly.android.ui.vertical"
4    android:versionCode="1"
5    android:versionName="1.0" >
6
7    <uses-sdk
8        android:minSdkVersion="21"
8-->src/main/AndroidManifest.xml
9        android:targetSdkVersion="26" />
9-->src/main/AndroidManifest.xml
10
11</manifest>